  AutomatedObject.cpp
  DraggingDemo.cpp
  DrawingSurface.cpp
  FlashingDemo.cpp
  GameState.cpp
  ImageMappingDemo.cpp
  mainfunction.cpp
  BaseEngine.cpp
  DisplayableObject.cpp
  FontManager.cpp
  MyEngine.cpp
  Scyxd6Object.cpp
  Scyxd6TileManager.cpp
  SimpleImage.cpp
  SimpleDemo.cpp
  StarfieldDemo.cpp
  StartState.cpp
  TileManager.cpp
  BouncingBall.cpp
  BouncingBallMain.cpp
  正在生成代码...
  正在编译...
  MazeDemoMain.cpp
  MazeDemoObject.cpp
  MazeDemoTileManager.cpp
  ZoomingDemo.cpp
  正在生成代码...
  CourseworkBase.vcxproj -> C:\Users\diaox\Desktop\course\2ndYearSummer\C++ Programming(COMP2006)\CW\I wanna finish the coursework\Debug\CourseworkBase2020.exe
