c:\users\diaox\desktop\course\2ndyearsummer\c++ programming(comp2006)\cw\cppcoursework2023-v105-demo\debug\vc143.pdb
c:\users\diaox\desktop\course\2ndyearsummer\c++ programming(comp2006)\cw\cppcoursework2023-v105-demo\debug\automatedobject.sbr
c:\users\diaox\desktop\course\2ndyearsummer\c++ programming(comp2006)\cw\cppcoursework2023-v105-demo\debug\draggingdemo.sbr
c:\users\diaox\desktop\course\2ndyearsummer\c++ programming(comp2006)\cw\cppcoursework2023-v105-demo\debug\drawingsurface.sbr
c:\users\diaox\desktop\course\2ndyearsummer\c++ programming(comp2006)\cw\cppcoursework2023-v105-demo\debug\flashingdemo.sbr
c:\users\diaox\desktop\course\2ndyearsummer\c++ programming(comp2006)\cw\cppcoursework2023-v105-demo\debug\gamestate.sbr
c:\users\diaox\desktop\course\2ndyearsummer\c++ programming(comp2006)\cw\cppcoursework2023-v105-demo\debug\imagemappingdemo.sbr
c:\users\diaox\desktop\course\2ndyearsummer\c++ programming(comp2006)\cw\cppcoursework2023-v105-demo\debug\mainfunction.sbr
c:\users\diaox\desktop\course\2ndyearsummer\c++ programming(comp2006)\cw\cppcoursework2023-v105-demo\debug\baseengine.sbr
c:\users\diaox\desktop\course\2ndyearsummer\c++ programming(comp2006)\cw\cppcoursework2023-v105-demo\debug\displayableobject.sbr
c:\users\diaox\desktop\course\2ndyearsummer\c++ programming(comp2006)\cw\cppcoursework2023-v105-demo\debug\fontmanager.sbr
c:\users\diaox\desktop\course\2ndyearsummer\c++ programming(comp2006)\cw\cppcoursework2023-v105-demo\debug\myengine.sbr
c:\users\diaox\desktop\course\2ndyearsummer\c++ programming(comp2006)\cw\cppcoursework2023-v105-demo\debug\scyxd6object.sbr
c:\users\diaox\desktop\course\2ndyearsummer\c++ programming(comp2006)\cw\cppcoursework2023-v105-demo\debug\scyxd6tilemanager.sbr
c:\users\diaox\desktop\course\2ndyearsummer\c++ programming(comp2006)\cw\cppcoursework2023-v105-demo\debug\simpleimage.sbr
c:\users\diaox\desktop\course\2ndyearsummer\c++ programming(comp2006)\cw\cppcoursework2023-v105-demo\debug\simpledemo.sbr
c:\users\diaox\desktop\course\2ndyearsummer\c++ programming(comp2006)\cw\cppcoursework2023-v105-demo\debug\starfielddemo.sbr
c:\users\diaox\desktop\course\2ndyearsummer\c++ programming(comp2006)\cw\cppcoursework2023-v105-demo\debug\startstate.sbr
c:\users\diaox\desktop\course\2ndyearsummer\c++ programming(comp2006)\cw\cppcoursework2023-v105-demo\debug\tilemanager.sbr
c:\users\diaox\desktop\course\2ndyearsummer\c++ programming(comp2006)\cw\cppcoursework2023-v105-demo\debug\bouncingball.sbr
c:\users\diaox\desktop\course\2ndyearsummer\c++ programming(comp2006)\cw\cppcoursework2023-v105-demo\debug\bouncingballmain.sbr
c:\users\diaox\desktop\course\2ndyearsummer\c++ programming(comp2006)\cw\cppcoursework2023-v105-demo\debug\bouncingballmain.obj
c:\users\diaox\desktop\course\2ndyearsummer\c++ programming(comp2006)\cw\cppcoursework2023-v105-demo\debug\bouncingball.obj
c:\users\diaox\desktop\course\2ndyearsummer\c++ programming(comp2006)\cw\cppcoursework2023-v105-demo\debug\tilemanager.obj
c:\users\diaox\desktop\course\2ndyearsummer\c++ programming(comp2006)\cw\cppcoursework2023-v105-demo\debug\startstate.obj
c:\users\diaox\desktop\course\2ndyearsummer\c++ programming(comp2006)\cw\cppcoursework2023-v105-demo\debug\starfielddemo.obj
c:\users\diaox\desktop\course\2ndyearsummer\c++ programming(comp2006)\cw\cppcoursework2023-v105-demo\debug\simpledemo.obj
c:\users\diaox\desktop\course\2ndyearsummer\c++ programming(comp2006)\cw\cppcoursework2023-v105-demo\debug\simpleimage.obj
c:\users\diaox\desktop\course\2ndyearsummer\c++ programming(comp2006)\cw\cppcoursework2023-v105-demo\debug\scyxd6tilemanager.obj
c:\users\diaox\desktop\course\2ndyearsummer\c++ programming(comp2006)\cw\cppcoursework2023-v105-demo\debug\scyxd6object.obj
c:\users\diaox\desktop\course\2ndyearsummer\c++ programming(comp2006)\cw\cppcoursework2023-v105-demo\debug\myengine.obj
c:\users\diaox\desktop\course\2ndyearsummer\c++ programming(comp2006)\cw\cppcoursework2023-v105-demo\debug\fontmanager.obj
c:\users\diaox\desktop\course\2ndyearsummer\c++ programming(comp2006)\cw\cppcoursework2023-v105-demo\debug\displayableobject.obj
c:\users\diaox\desktop\course\2ndyearsummer\c++ programming(comp2006)\cw\cppcoursework2023-v105-demo\debug\baseengine.obj
c:\users\diaox\desktop\course\2ndyearsummer\c++ programming(comp2006)\cw\cppcoursework2023-v105-demo\debug\mainfunction.obj
c:\users\diaox\desktop\course\2ndyearsummer\c++ programming(comp2006)\cw\cppcoursework2023-v105-demo\debug\imagemappingdemo.obj
c:\users\diaox\desktop\course\2ndyearsummer\c++ programming(comp2006)\cw\cppcoursework2023-v105-demo\debug\flashingdemo.obj
c:\users\diaox\desktop\course\2ndyearsummer\c++ programming(comp2006)\cw\cppcoursework2023-v105-demo\debug\drawingsurface.obj
c:\users\diaox\desktop\course\2ndyearsummer\c++ programming(comp2006)\cw\cppcoursework2023-v105-demo\debug\draggingdemo.obj
c:\users\diaox\desktop\course\2ndyearsummer\c++ programming(comp2006)\cw\cppcoursework2023-v105-demo\debug\automatedobject.obj
c:\users\diaox\desktop\course\2ndyearsummer\c++ programming(comp2006)\cw\cppcoursework2023-v105-demo\debug\mazedemomain.sbr
c:\users\diaox\desktop\course\2ndyearsummer\c++ programming(comp2006)\cw\cppcoursework2023-v105-demo\debug\mazedemoobject.sbr
c:\users\diaox\desktop\course\2ndyearsummer\c++ programming(comp2006)\cw\cppcoursework2023-v105-demo\debug\mazedemotilemanager.sbr
c:\users\diaox\desktop\course\2ndyearsummer\c++ programming(comp2006)\cw\cppcoursework2023-v105-demo\debug\zoomingdemo.sbr
c:\users\diaox\desktop\course\2ndyearsummer\c++ programming(comp2006)\cw\cppcoursework2023-v105-demo\debug\zoomingdemo.obj
c:\users\diaox\desktop\course\2ndyearsummer\c++ programming(comp2006)\cw\cppcoursework2023-v105-demo\debug\mazedemotilemanager.obj
c:\users\diaox\desktop\course\2ndyearsummer\c++ programming(comp2006)\cw\cppcoursework2023-v105-demo\debug\mazedemoobject.obj
c:\users\diaox\desktop\course\2ndyearsummer\c++ programming(comp2006)\cw\cppcoursework2023-v105-demo\debug\mazedemomain.obj
c:\users\diaox\desktop\course\2ndyearsummer\c++ programming(comp2006)\cw\cppcoursework2023-v105-demo\/debug\courseworkbase.vcxproj.filelistabsolute.txt
c:\users\diaox\desktop\course\2ndyearsummer\c++ programming(comp2006)\cw\cppcoursework2023-v105-demo\debug\coursewo.63f64093.tlog\cl.command.1.tlog
c:\users\diaox\desktop\course\2ndyearsummer\c++ programming(comp2006)\cw\cppcoursework2023-v105-demo\debug\coursewo.63f64093.tlog\cl.read.1.tlog
c:\users\diaox\desktop\course\2ndyearsummer\c++ programming(comp2006)\cw\cppcoursework2023-v105-demo\debug\coursewo.63f64093.tlog\cl.write.1.tlog
